<?xml version="1.0" encoding="UTF-8"?>
<!-- Generated by org.testng.reporters.JUnitReportReporter -->
<testsuite hostname="LAPTOP-EDMOMHF1" name="APIProject.Rest.Deletebypassparameter" tests="1" failures="0" timestamp="1 Apr 2020 11:46:32 GMT" time="3.054" errors="0">
  <testcase name="DeleteResource" time="3.054" classname="APIProject.Rest.Deletebypassparameter"/>
</testsuite> <!-- APIProject.Rest.Deletebypassparameter -->
