<?xml version="1.0" encoding="UTF-8"?>
<!-- Generated by org.testng.reporters.JUnitReportReporter -->
<testsuite hostname="LAPTOP-EDMOMHF1" name="APIProject.Rest.UpdateResourcecompletly" tests="1" failures="0" timestamp="1 Apr 2020 11:23:28 GMT" time="4.594" errors="0">
  <testcase name="UpdateResource" time="4.594" classname="APIProject.Rest.UpdateResourcecompletly"/>
</testsuite> <!-- APIProject.Rest.UpdateResourcecompletly -->
