<?xml version="1.0" encoding="UTF-8"?>
<!-- Generated by org.testng.reporters.JUnitReportReporter -->
<testsuite hostname="LAPTOP-EDMOMHF1" name="APIProject.Rest.UpdateResoucePartially" tests="1" failures="0" timestamp="1 Apr 2020 11:51:00 GMT" time="2.699" errors="0">
  <testcase name="UpdateResourceRow" time="2.699" classname="APIProject.Rest.UpdateResoucePartially"/>
</testsuite> <!-- APIProject.Rest.UpdateResoucePartially -->
