<?xml version="1.0" encoding="UTF-8"?>
<!-- Generated by org.testng.reporters.JUnitReportReporter -->
<testsuite hostname="LAPTOP-EDMOMHF1" name="APIProject.Rest.GetReq" tests="1" failures="0" timestamp="1 Apr 2020 10:41:47 GMT" time="7.092" errors="0">
  <testcase name="getTest" time="7.092" classname="APIProject.Rest.GetReq"/>
</testsuite> <!-- APIProject.Rest.GetReq -->
