<?xml version="1.0" encoding="UTF-8"?>
<!-- Generated by org.testng.reporters.JUnitReportReporter -->
<testsuite hostname="LAPTOP-EDMOMHF1" name="APIProject.Rest.CreatResource" tests="1" failures="0" timestamp="1 Apr 2020 11:51:25 GMT" time="3.035" errors="0">
  <testcase name="CrearResource" time="3.035" classname="APIProject.Rest.CreatResource"/>
</testsuite> <!-- APIProject.Rest.CreatResource -->
