<?xml version="1.0" encoding="UTF-8"?>
<!-- Generated by org.testng.reporters.JUnitReportReporter -->
<testsuite hostname="LAPTOP-EDMOMHF1" name="APIProject.Rest.GetallResouces" tests="1" failures="0" timestamp="1 Apr 2020 11:51:39 GMT" time="3.388" errors="0">
  <testcase name="getTest" time="3.388" classname="APIProject.Rest.GetallResouces"/>
</testsuite> <!-- APIProject.Rest.GetallResouces -->
